<?xml version="1.0" encoding="UTF-8" ?>
<testsuite failures="0" time="19.108" errors="1" skipped="0" tests="1" name="com.crm.CustomerDaoTest">
  <properties>
[...]
</properties>
  <testcase time="17.811" classname="com.crm.CustomerDaoTest" name="getCustomerById">
    <error type="java.lang.NullPointerException">java.lang.NullPointerException
	at com.crm.CustomerDaoTest.getCustomerById(CustomerDaoTest.java:33)
	at sun.reflect.NativeMethodAccessorImpl.invoke0(Native Method)
	at sun.reflect.NativeMethodAccessorImpl.invoke(NativeMethodAccessorImpl.java:57)
	at sun.reflect.DelegatingMethodAccessorImpl.invoke(DelegatingMethodAccessorImpl.java:43)
	at java.lang.reflect.Method.invoke(Method.java:606)
	at org.junit.runners.model.FrameworkMethod$1.runReflectiveCall(FrameworkMethod.java:44)
	at org.junit.internal.runners.model.ReflectiveCallable.run(ReflectiveCallable.java:15)
	at org.junit.runners.model.FrameworkMethod.invokeExplosively(FrameworkMethod.java:41)
	at org.junit.internal.runners.statements.InvokeMethod.evaluate(InvokeMethod.java:20)
	at org.junit.internal.runners.statements.RunBefores.evaluate(RunBefores.java:28)
	at org.springframework.test.context.junit4.statements.RunBeforeTestMethodCallbacks.evaluate(RunBeforeTestMethodCallbacks.java:74)
	at org.junit.internal.runners.statements.RunAfters.evaluate(RunAfters.java:31)
	at org.springframework.test.context.junit4.statements.RunAfterTestMethodCallbacks.evaluate(RunAfterTestMethodCallbacks.java:83)
	at org.springframework.test.context.junit4.statements.SpringRepeat.evaluate(SpringRepeat.java:72)
	at org.springframework.test.context.junit4.SpringJUnit4ClassRunner.runChild(SpringJUnit4ClassRunner.java:231)
	at org.springframework.test.context.junit4.SpringJUnit4ClassRunner.runChild(SpringJUnit4ClassRunner.java:88)
	at org.junit.runners.ParentRunner.runChildren(ParentRunner.java:180)
	at org.junit.runners.ParentRunner.access$000(ParentRunner.java:41)
	at org.junit.runners.ParentRunner$1.evaluate(ParentRunner.java:173)
	at org.junit.internal.runners.statements.RunBefores.evaluate(RunBefores.java:28)
	at org.springframework.test.context.junit4.statements.RunBeforeTestClassCallbacks.evaluate(RunBeforeTestClassCallbacks.java:61)
	at org.junit.internal.runners.statements.RunAfters.evaluate(RunAfters.java:31)
	at org.springframework.test.context.junit4.statements.RunAfterTestClassCallbacks.evaluate(RunAfterTestClassCallbacks.java:71)
	at org.junit.runners.ParentRunner.run(ParentRunner.java:220)
	at org.springframework.test.context.junit4.SpringJUnit4ClassRunner.run(SpringJUnit4ClassRunner.java:174)
	at org.apache.maven.surefire.junit4.JUnit4TestSet.execute(JUnit4TestSet.java:53)
	at org.apache.maven.surefire.junit4.JUnit4Provider.executeTestSet(JUnit4Provider.java:123)
	at org.apache.maven.surefire.junit4.JUnit4Provider.invoke(JUnit4Provider.java:104)
	at sun.reflect.NativeMethodAccessorImpl.invoke0(Native Method)
	at sun.reflect.NativeMethodAccessorImpl.invoke(NativeMethodAccessorImpl.java:57)
	at sun.reflect.DelegatingMethodAccessorImpl.invoke(DelegatingMethodAccessorImpl.java:43)
	at java.lang.reflect.Method.invoke(Method.java:606)
	at org.apache.maven.surefire.util.ReflectionUtils.invokeMethodWithArray(ReflectionUtils.java:164)
	at org.apache.maven.surefire.booter.ProviderFactory$ProviderProxy.invoke(ProviderFactory.java:110)
	at org.apache.maven.surefire.booter.SurefireStarter.invokeProvider(SurefireStarter.java:175)
	at org.apache.maven.surefire.booter.SurefireStarter.runSuitesInProcessWhenForked(SurefireStarter.java:107)
	at org.apache.maven.surefire.booter.ForkedBooter.main(ForkedBooter.java:68)
</error>
    <system-out>INFO  - XmlBeanDefinitionReader    - Loading XML bean definitions from class path resource [test-applicationContext.xml]
INFO  - GenericApplicationContext  - Refreshing org.springframework.context.support.GenericApplicationContext@b159eb: startup date [Wed Feb 04 23:41:37 CET 2015]; root of context hierarchy
INFO  - DefaultListableBeanFactory - Pre-instantiating singletons in org.springframework.beans.factory.support.DefaultListableBeanFactory@1ddc66e: defining beans [wicketApplication,org.springframework.context.annotation.internalConfigurationAnnotationProcessor,org.springframework.context.annotation.internalAutowiredAnnotationProcessor,org.springframework.context.annotation.internalRequiredAnnotationProcessor,org.springframework.context.annotation.internalCommonAnnotationProcessor,org.springframework.context.annotation.internalPersistenceAnnotationProcessor,dataSource,customerDao,UserDao,customerService,userService,sessionFactory,org.springframework.aop.config.internalAutoProxyCreator,org.springframework.transaction.annotation.AnnotationTransactionAttributeSource#0,org.springframework.transaction.interceptor.TransactionInterceptor#0,org.springframework.transaction.config.internalTransactionAdvisor,transactionManager,org.springframework.context.annotation.ConfigurationClassPostProcessor.importAwareProcessor]; root of factory hierarchy
INFO  - DriverManagerDataSource    - Loaded JDBC driver: com.mysql.jdbc.Driver
INFO  - Version                    - HCANN000001: Hibernate Commons Annotations {4.0.1.Final}
INFO  - Version                    - HHH000412: Hibernate Core {4.1.9.Final}
INFO  - Environment                - HHH000206: hibernate.properties not found
INFO  - Environment                - HHH000021: Bytecode provider name : javassist
INFO  - Dialect                    - HHH000400: Using dialect: org.hibernate.dialect.HSQLDialect
INFO  - ransactionFactoryInitiator - HHH000399: Using default transaction strategy (direct JDBC transactions)
INFO  - ASTQueryTranslatorFactory  - HHH000397: Using ASTQueryTranslatorFactory
INFO  - ionalTestExecutionListener - Began transaction (1): transaction manager [org.springframework.orm.hibernate4.HibernateTransactionManager@1c6bc2f]; rollback [true]
INFO  - ionalTestExecutionListener - Rolled back transaction after test execution for test context [TestContext@78f1a0 testClass = CustomerDaoTest, testInstance = com.crm.CustomerDaoTest@3f562f, testMethod = getCustomerById@CustomerDaoTest, testException = java.lang.NullPointerException, mergedContextConfiguration = [MergedContextConfiguration@334482 testClass = CustomerDaoTest, locations = &apos;{classpath:test-applicationContext.xml}&apos;, classes = &apos;{}&apos;, contextInitializerClasses = &apos;[]&apos;, activeProfiles = &apos;{}&apos;, contextLoader = &apos;org.springframework.test.context.support.DelegatingSmartContextLoader&apos;, parent = [null]]]
</system-out>
  </testcase>
</testsuite>